
running 1 test
test cross_chain_transfer::transfer_from_dali ... FAILED

failures:

failures:
    cross_chain_transfer::transfer_from_dali

test result: FAILED. 0 passed; 1 failed; 0 ignored; 0 measured; 11 filtered out; finished in 0.05s

